<?xml version="1.0" encoding="UTF-8"?>
<!-- Generated by org.testng.reporters.JUnitReportReporter -->
<testsuite hostname="Karthik" failures="0" tests="3" name="eCommerceApp.Tests.Positive" time="52.346" errors="0" timestamp="2024-09-09T18:19:16 IST" skipped="1">
  <testcase classname="eCommerceApp.Tests.Positive" name="verifyOrders" time="3.771"/>
  <testcase classname="eCommerceApp.Tests.Positive" name="E2E" time="23.476">
    <skipped/>
  </testcase> <!-- E2E -->
  <testcase classname="eCommerceApp.Tests.Positive" name="E2E" time="25.099"/>
</testsuite> <!-- eCommerceApp.Tests.Positive -->
