<?xml version="1.0" encoding="UTF-8"?>
<!-- Generated by org.testng.reporters.JUnitReportReporter -->
<testsuite hostname="Karthik" failures="0" tests="1" name="eCommerceApp.Tests.StandAloneTest" time="20.398" errors="0" timestamp="2024-09-07T02:02:33 IST" skipped="0">
  <testcase classname="eCommerceApp.Tests.StandAloneTest" name="E2E" time="20.398"/>
</testsuite> <!-- eCommerceApp.Tests.StandAloneTest -->
