<?xml version="1.0" encoding="UTF-8"?>
<!-- Generated by org.testng.reporters.JUnitReportReporter -->
<testsuite hostname="Karthik" failures="0" tests="5" name="SeleniumJavaFramework.SeleniumJavaFrameworkECommerceApp.StandAloneTest" time="9.547" errors="0" timestamp="2024-09-05T02:10:13 IST" skipped="0">
  <testcase classname="SeleniumJavaFramework.SeleniumJavaFrameworkECommerceApp.StandAloneTest" name="verifyCart" time="0.059"/>
  <testcase classname="SeleniumJavaFramework.SeleniumJavaFrameworkECommerceApp.StandAloneTest" name="login" time="0.716"/>
  <testcase classname="SeleniumJavaFramework.SeleniumJavaFrameworkECommerceApp.StandAloneTest" name="checkout" time="1.099"/>
  <testcase classname="SeleniumJavaFramework.SeleniumJavaFrameworkECommerceApp.StandAloneTest" name="captureOrderDetails" time="0.031"/>
  <testcase classname="SeleniumJavaFramework.SeleniumJavaFrameworkECommerceApp.StandAloneTest" name="addToCartAndVerify" time="7.642"/>
</testsuite> <!-- SeleniumJavaFramework.SeleniumJavaFrameworkECommerceApp.StandAloneTest -->
