<?xml version="1.0" encoding="UTF-8"?>
<!-- Generated by org.testng.reporters.JUnitReportReporter -->
<testsuite hostname="Karthik" failures="0" tests="3" name="eCommerceApp.Tests.Negative" time="11.408" errors="0" timestamp="2024-09-07T23:49:40 IST" skipped="0">
  <testcase classname="eCommerceApp.Tests.Negative" name="loginErrorValidation" time="6.038"/>
  <testcase classname="eCommerceApp.Tests.Negative" name="forgotPwdPageError" time="3.078"/>
  <testcase classname="eCommerceApp.Tests.Negative" name="registerPageError" time="2.292"/>
</testsuite> <!-- eCommerceApp.Tests.Negative -->
