<?xml version="1.0" encoding="UTF-8"?>
<!-- Generated by org.testng.reporters.JUnitReportReporter -->
<testsuite hostname="Aishwarya" failures="0" tests="2" name="eCommerce.testNGCucumberRunner.TestRunner" time="45.915" errors="0" timestamp="2024-09-18T01:49:55 IST" skipped="0">
  <testcase classname="eCommerce.testNGCucumberRunner.TestRunner" name="runScenario" time="3.385"/>
  <testcase classname="eCommerce.testNGCucumberRunner.TestRunner" name="runScenario" time="42.530"/>
</testsuite> <!-- eCommerce.testNGCucumberRunner.TestRunner -->
