<?xml version="1.0" encoding="UTF-8"?>
<!-- Generated by org.testng.reporters.JUnitReportReporter -->
<testsuite hostname="Karthik" failures="0" tests="4" name="eCommerceApp.Tests.BulkOrder" time="88.917" errors="0" timestamp="2024-09-08T04:33:35 IST" skipped="0">
  <testcase classname="eCommerceApp.Tests.BulkOrder" name="E2E" time="19.897"/>
  <testcase classname="eCommerceApp.Tests.BulkOrder" name="E2E" time="23.971"/>
  <testcase classname="eCommerceApp.Tests.BulkOrder" name="E2E" time="22.310"/>
  <testcase classname="eCommerceApp.Tests.BulkOrder" name="E2E" time="22.739"/>
</testsuite> <!-- eCommerceApp.Tests.BulkOrder -->
