<?xml version="1.0" encoding="UTF-8"?>
<!-- Generated by org.testng.reporters.JUnitReportReporter -->
<testsuite hostname="Aishwarya" failures="0" tests="3" name="eCommerceApp.Tests.BulkOrderUsingDB" time="104.123" errors="0" timestamp="2024-09-21T06:26:28 IST" skipped="1">
  <testcase classname="eCommerceApp.Tests.BulkOrderUsingDB" name="E2E_BulkOrder_Using_DB" time="31.399">
    <skipped/>
  </testcase> <!-- E2E_BulkOrder_Using_DB -->
  <testcase classname="eCommerceApp.Tests.BulkOrderUsingDB" name="E2E_BulkOrder_Using_DB" time="42.115"/>
  <testcase classname="eCommerceApp.Tests.BulkOrderUsingDB" name="E2E_BulkOrder_Using_DB" time="30.609"/>
</testsuite> <!-- eCommerceApp.Tests.BulkOrderUsingDB -->
