<?xml version="1.0" encoding="UTF-8"?>
<!-- Generated by org.testng.reporters.JUnitReportReporter -->
<testsuite hostname="Aishwarya" failures="0" tests="1" name="eCommerceApp.Tests.PriceList" time="13.825" errors="0" timestamp="2024-09-18T02:01:41 IST" skipped="0">
  <testcase classname="eCommerceApp.Tests.PriceList" name="priceListUpdates" time="13.825"/>
</testsuite> <!-- eCommerceApp.Tests.PriceList -->
