<?xml version="1.0" encoding="UTF-8"?>
<!-- Generated by org.testng.reporters.JUnitReportReporter -->
<testsuite hostname="Karthik" failures="0" tests="2" name="eCommerceApp.Tests.BulkOrder" time="43.635" errors="0" timestamp="2024-09-08T00:40:52 IST" skipped="0">
  <testcase classname="eCommerceApp.Tests.BulkOrder" name="E2E" time="21.387"/>
  <testcase classname="eCommerceApp.Tests.BulkOrder" name="E2E" time="22.248"/>
</testsuite> <!-- eCommerceApp.Tests.BulkOrder -->
