<?xml version="1.0" encoding="UTF-8"?>
<!-- Generated by org.testng.reporters.JUnitReportReporter -->
<testsuite hostname="Karthik" failures="0" tests="2" name="eCommerceApp.Tests.Positive" time="26.293" errors="0" timestamp="2024-09-09T03:14:35 IST" skipped="0">
  <testcase classname="eCommerceApp.Tests.Positive" name="E2E" time="21.161"/>
  <testcase classname="eCommerceApp.Tests.Positive" name="verifyOrders" time="5.132"/>
</testsuite> <!-- eCommerceApp.Tests.Positive -->
