<?xml version="1.0" encoding="UTF-8"?>
<!-- Generated by org.testng.reporters.JUnitReportReporter -->
<testsuite hostname="Karthik" failures="0" tests="2" name="eCommerceApp.Tests.BulkOrder" time="30.513" errors="0" timestamp="2024-09-07T23:55:26 IST" skipped="0">
  <testcase classname="eCommerceApp.Tests.BulkOrder" name="E2E" time="17.125"/>
  <testcase classname="eCommerceApp.Tests.BulkOrder" name="E2E" time="13.388"/>
</testsuite> <!-- eCommerceApp.Tests.BulkOrder -->
