<?xml version="1.0" encoding="UTF-8"?>
<!-- Generated by org.testng.reporters.JUnitReportReporter -->
<testsuite hostname="Karthik" failures="0" tests="2" name="eCommerceApp.Tests.Positive" time="25.878" errors="0" timestamp="2024-09-07T22:41:47 IST" skipped="0">
  <testcase classname="eCommerceApp.Tests.Positive" name="E2E" time="22.269"/>
  <testcase classname="eCommerceApp.Tests.Positive" name="verifyOrders" time="3.609"/>
</testsuite> <!-- eCommerceApp.Tests.Positive -->
