<?xml version="1.0" encoding="UTF-8"?>
<!-- Generated by org.testng.reporters.JUnitReportReporter -->
<testsuite hostname="Aishwarya" failures="0" tests="2" name="eCommerceApp.Tests.PurchaseOrder" time="50.873" errors="0" timestamp="2024-09-18T02:25:58 IST" skipped="0">
  <testcase classname="eCommerceApp.Tests.PurchaseOrder" name="purchaseOrder" time="42.432"/>
  <testcase classname="eCommerceApp.Tests.PurchaseOrder" name="verifyOrders" time="8.441"/>
</testsuite> <!-- eCommerceApp.Tests.PurchaseOrder -->
