<?xml version="1.0" encoding="UTF-8"?>
<!-- Generated by org.testng.reporters.JUnitReportReporter -->
<testsuite hostname="Karthik" failures="0" tests="1" name="eCommerce.testNGCucumberRunner.TestRunner" time="4.159" errors="0" timestamp="2024-09-11T02:58:29 IST" skipped="0">
  <testcase classname="eCommerce.testNGCucumberRunner.TestRunner" name="runScenario" time="4.159"/>
</testsuite> <!-- eCommerce.testNGCucumberRunner.TestRunner -->
