<?xml version="1.0" encoding="UTF-8"?>
<!-- Generated by org.testng.reporters.JUnitReportReporter -->
<testsuite hostname="Aishwarya" failures="0" tests="5" name="eCommerceApp.Tests.BulkOrder" time="221.417" errors="0" timestamp="2024-09-18T02:25:58 IST" skipped="1">
  <testcase classname="eCommerceApp.Tests.BulkOrder" name="E2E_BulkOrder_Using_JSON" time="47.372"/>
  <testcase classname="eCommerceApp.Tests.BulkOrder" name="E2E_BulkOrder_Using_JSON" time="47.231"/>
  <testcase classname="eCommerceApp.Tests.BulkOrder" name="E2E_BulkOrder_Using_JSON" time="45.044">
    <skipped/>
  </testcase> <!-- E2E_BulkOrder_Using_JSON -->
  <testcase classname="eCommerceApp.Tests.BulkOrder" name="E2E_BulkOrder_Using_JSON" time="35.853"/>
  <testcase classname="eCommerceApp.Tests.BulkOrder" name="E2E_BulkOrder_Using_JSON" time="45.917"/>
</testsuite> <!-- eCommerceApp.Tests.BulkOrder -->
