<?xml version="1.0" encoding="UTF-8"?>
<!-- Generated by org.testng.reporters.JUnitReportReporter -->
<testsuite hostname="Karthik" failures="0" tests="4" name="eCommerceApp.Tests.BulkOrder" time="90.594" errors="0" timestamp="2024-09-09T03:14:35 IST" skipped="0">
  <testcase classname="eCommerceApp.Tests.BulkOrder" name="E2E_BulkOrder" time="22.708"/>
  <testcase classname="eCommerceApp.Tests.BulkOrder" name="E2E_BulkOrder" time="22.014"/>
  <testcase classname="eCommerceApp.Tests.BulkOrder" name="E2E_BulkOrder" time="22.803"/>
  <testcase classname="eCommerceApp.Tests.BulkOrder" name="E2E_BulkOrder" time="23.069"/>
</testsuite> <!-- eCommerceApp.Tests.BulkOrder -->
