<?xml version="1.0" encoding="UTF-8"?>
<!-- Generated by org.testng.reporters.JUnitReportReporter -->
<testsuite hostname="Aishwarya" failures="0" tests="5" name="eCommerceApp.Tests.BulkOrderUsingExcel" time="105.161" errors="0" timestamp="2024-09-17T03:24:34 IST" skipped="1">
  <testcase classname="eCommerceApp.Tests.BulkOrderUsingExcel" name="E2E_BulkOrder" time="21.025"/>
  <testcase classname="eCommerceApp.Tests.BulkOrderUsingExcel" name="E2E_BulkOrder" time="24.955">
    <skipped/>
  </testcase> <!-- E2E_BulkOrder -->
  <testcase classname="eCommerceApp.Tests.BulkOrderUsingExcel" name="E2E_BulkOrder" time="20.995"/>
  <testcase classname="eCommerceApp.Tests.BulkOrderUsingExcel" name="E2E_BulkOrder" time="21.784"/>
  <testcase classname="eCommerceApp.Tests.BulkOrderUsingExcel" name="E2E_BulkOrder" time="16.402"/>
</testsuite> <!-- eCommerceApp.Tests.BulkOrderUsingExcel -->
