<?xml version="1.0" encoding="UTF-8"?>
<!-- Generated by org.testng.reporters.JUnitReportReporter -->
<testsuite hostname="Aishwarya" failures="0" tests="1" name="eCommerceApp.Tests.PriceListUpdates" time="12.615" errors="0" timestamp="2024-09-17T15:17:05 IST" skipped="0">
  <testcase classname="eCommerceApp.Tests.PriceListUpdates" name="priceListUpdates" time="12.615"/>
</testsuite> <!-- eCommerceApp.Tests.PriceListUpdates -->
