<?xml version="1.0" encoding="UTF-8"?>
<!-- Generated by org.testng.reporters.JUnitReportReporter -->
<testsuite hostname="Aishwarya" failures="0" tests="2" name="eCommerceApp.Tests.PurchaseOrder" time="55.310" errors="0" timestamp="2024-09-19T02:00:11 IST" skipped="0">
  <testcase classname="eCommerceApp.Tests.PurchaseOrder" name="verifyOrders" time="5.800"/>
  <testcase classname="eCommerceApp.Tests.PurchaseOrder" name="purchaseOrder" time="49.510"/>
</testsuite> <!-- eCommerceApp.Tests.PurchaseOrder -->
