<?xml version="1.0" encoding="UTF-8"?>
<!-- Generated by org.testng.reporters.JUnitReportReporter -->
<testsuite hostname="Karthik" failures="0" tests="2" name="eCommerceApp.Tests.Positive" time="28.192" errors="0" timestamp="2024-09-09T02:31:24 IST" skipped="0">
  <testcase classname="eCommerceApp.Tests.Positive" name="E2E" time="22.949"/>
  <testcase classname="eCommerceApp.Tests.Positive" name="verifyOrders" time="5.243"/>
</testsuite> <!-- eCommerceApp.Tests.Positive -->
