<?xml version="1.0" encoding="UTF-8"?>
<!-- Generated by org.testng.reporters.JUnitReportReporter -->
<testsuite hostname="Aishwarya" failures="0" tests="2" name="eCommerce.testNGCucumberRunner.TestRunner" time="39.121" errors="0" timestamp="2024-09-21T23:55:50 IST" skipped="0">
  <testcase classname="eCommerce.testNGCucumberRunner.TestRunner" name="runScenario" time="3.334"/>
  <testcase classname="eCommerce.testNGCucumberRunner.TestRunner" name="runScenario" time="35.787"/>
</testsuite> <!-- eCommerce.testNGCucumberRunner.TestRunner -->
