<?xml version="1.0" encoding="UTF-8"?>
<!-- Generated by org.testng.reporters.JUnitReportReporter -->
<testsuite hostname="Karthik" failures="0" tests="4" name="eCommerceApp.Tests.BulkOrder" time="80.801" errors="0" timestamp="2024-09-10T01:10:47 IST" skipped="0">
  <testcase classname="eCommerceApp.Tests.BulkOrder" name="E2E_BulkOrder" time="16.654"/>
  <testcase classname="eCommerceApp.Tests.BulkOrder" name="E2E_BulkOrder" time="21.395"/>
  <testcase classname="eCommerceApp.Tests.BulkOrder" name="E2E_BulkOrder" time="21.284"/>
  <testcase classname="eCommerceApp.Tests.BulkOrder" name="E2E_BulkOrder" time="21.468"/>
</testsuite> <!-- eCommerceApp.Tests.BulkOrder -->
