<?xml version="1.0" encoding="UTF-8"?>
<!-- Generated by org.testng.reporters.JUnitReportReporter -->
<testsuite hostname="Karthik" failures="0" tests="2" name="eCommerceApp.Tests.StandAloneTest" time="25.360" errors="0" timestamp="2024-09-07T03:45:18 IST" skipped="0">
  <testcase classname="eCommerceApp.Tests.StandAloneTest" name="E2E" time="22.377"/>
  <testcase classname="eCommerceApp.Tests.StandAloneTest" name="ErrorValidationLogin" time="2.983"/>
</testsuite> <!-- eCommerceApp.Tests.StandAloneTest -->
