<?xml version="1.0" encoding="UTF-8"?>
<!-- Generated by org.testng.reporters.JUnitReportReporter -->
<testsuite hostname="Karthik" failures="0" tests="3" name="eCommerceApp.Tests.Negative" time="13.549" errors="0" timestamp="2024-09-08T02:57:56 IST" skipped="0">
  <testcase classname="eCommerceApp.Tests.Negative" name="loginErrorValidation" time="5.235"/>
  <testcase classname="eCommerceApp.Tests.Negative" name="registerPageError" time="4.250"/>
  <testcase classname="eCommerceApp.Tests.Negative" name="forgotPwdPageError" time="4.064"/>
</testsuite> <!-- eCommerceApp.Tests.Negative -->
