<?xml version="1.0" encoding="UTF-8"?>
<!-- Generated by org.testng.reporters.JUnitReportReporter -->
<testsuite hostname="Karthik" failures="0" tests="4" name="eCommerceApp.Tests.BulkOrder" time="92.449" errors="0" timestamp="2024-09-09T02:31:24 IST" skipped="0">
  <testcase classname="eCommerceApp.Tests.BulkOrder" name="E2E_BulkOrder" time="24.345"/>
  <testcase classname="eCommerceApp.Tests.BulkOrder" name="E2E_BulkOrder" time="23.156"/>
  <testcase classname="eCommerceApp.Tests.BulkOrder" name="E2E_BulkOrder" time="22.615"/>
  <testcase classname="eCommerceApp.Tests.BulkOrder" name="E2E_BulkOrder" time="22.333"/>
</testsuite> <!-- eCommerceApp.Tests.BulkOrder -->
