<?xml version="1.0" encoding="UTF-8"?>
<!-- Generated by org.testng.reporters.JUnitReportReporter -->
<testsuite hostname="Karthik" failures="0" tests="2" name="eCommerceApp.Tests.Positive" time="26.274" errors="0" timestamp="2024-09-08T02:57:56 IST" skipped="0">
  <testcase classname="eCommerceApp.Tests.Positive" name="verifyOrders" time="2.821"/>
  <testcase classname="eCommerceApp.Tests.Positive" name="E2E" time="23.453"/>
</testsuite> <!-- eCommerceApp.Tests.Positive -->
