<?xml version="1.0" encoding="UTF-8"?>
<!-- Generated by org.testng.reporters.JUnitReportReporter -->
<testsuite hostname="Karthik" failures="0" tests="2" name="eCommerceApp.Tests.Positive" time="28.139" errors="0" timestamp="2024-09-10T01:41:08 IST" skipped="0">
  <testcase classname="eCommerceApp.Tests.Positive" name="verifyOrders" time="6.239"/>
  <testcase classname="eCommerceApp.Tests.Positive" name="E2E" time="21.900"/>
</testsuite> <!-- eCommerceApp.Tests.Positive -->
